<?xml version="1.0" encoding="UTF-8"?>
<testng-results ignored="0" total="1" passed="1" failed="0" skipped="0">
  <reporter-output>
  </reporter-output>
  <suite started-at="2024-07-02T17:09:36 IST" name="Default suite" finished-at="2024-07-02T17:09:49 IST" duration-ms="13141">
    <groups>
    </groups>
    <test started-at="2024-07-02T17:09:36 IST" name="Default test" finished-at="2024-07-02T17:09:49 IST" duration-ms="13141">
      <class name="com.inet.saucelabs.testCases.SauceDemoPlaceorderTest">
        <test-method signature="placeOrder()[pri:0, instance:com.inet.saucelabs.testCases.SauceDemoPlaceorderTest@469d003c]" started-at="2024-07-02T17:09:36 IST" name="placeOrder" description="This test case adds lowest price item to cart and places order" finished-at="2024-07-02T17:09:49 IST" duration-ms="12991" status="PASS">
          <reporter-output>
          </reporter-output>
        </test-method> <!-- placeOrder -->
      </class> <!-- com.inet.saucelabs.testCases.SauceDemoPlaceorderTest -->
    </test> <!-- Default test -->
  </suite> <!-- Default suite -->
</testng-results>
