<?xml version="1.0" encoding="UTF-8"?>
<testng-results total="1" passed="1" failed="0" skipped="0">
  <reporter-output>
  </reporter-output>
  <suite started-at="2023-11-18T07:17:28Z" name="Default suite" finished-at="2023-11-18T07:17:42Z" duration-ms="13265">
    <groups>
    </groups>
    <test started-at="2023-11-18T07:17:28Z" name="Default test" finished-at="2023-11-18T07:17:42Z" duration-ms="13265">
      <class name="com.inet.practice.testCases.ToolTipTest">
        <test-method signature="gettooltip_test()[pri:0, instance:com.inet.practice.testCases.ToolTipTest@78830d9a]" started-at="2023-11-18T12:47:29Z" name="gettooltip_test" finished-at="2023-11-18T12:47:42Z" duration-ms="13241" status="PASS">
          <reporter-output>
          </reporter-output>
        </test-method> <!-- gettooltip_test -->
      </class> <!-- com.inet.practice.testCases.ToolTipTest -->
    </test> <!-- Default test -->
  </suite> <!-- Default suite -->
</testng-results>
